2022/08/10/16:56:37 - [main.py -->line:9] - INFO: ========开始测试========

2022/08/10/16:56:38 - [test_brand_excel.py -->line:28] - INFO: =======【品牌管理】数据驱动测试开始=======
2022/08/10/16:56:39 - [test_brand_excel.py -->line:35] - INFO: =======【品牌管理】数据驱动测试结束=======
2022/08/10/16:56:40 - [test_brand_list.py -->line:24] - INFO: =======【品牌管理】品牌列表测试开始=======
2022/08/10/16:56:40 - [test_brand_list.py -->line:47] - INFO: [测试通过]根据品牌名称查询，结果正确
2022/08/10/16:56:40 - [test_brand_list.py -->line:66] - INFO: [测试通过]根据投放平台查询，结果正确
2022/08/10/16:56:41 - [test_brand_list.py -->line:86] - INFO: [测试通过]按投放次数查询，结果正确
2022/08/10/16:56:41 - [test_brand_list.py -->line:104] - INFO: [测试通过]测试品牌管理的分页功能，结果正确
2022/08/10/16:56:41 - [test_brand_list.py -->line:136] - INFO: [测试通过]组合查询品牌，结果正确
2022/08/10/16:56:41 - [test_brand_list.py -->line:31] - INFO: =======【品牌管理】品牌列表测试结束=======
2022/08/10/16:56:41 - [test_get_brand.py -->line:23] - INFO: =======【品牌管理】投放账号列表测试开始=======
2022/08/10/16:56:42 - [test_get_brand.py -->line:45] - INFO: [测试通过]根据投放账号查询品牌，结果正确
2022/08/10/16:56:42 - [test_get_brand.py -->line:63] - INFO: [测试通过]根据品牌名称查询品牌，结果正确
2022/08/10/16:56:42 - [test_get_brand.py -->line:80] - INFO: [测试通过]根据板块查询品牌，结果正确
2022/08/10/16:56:43 - [test_get_brand.py -->line:97] - INFO: [测试通过]测试投放账号窗口的分页功能，结果正确
2022/08/10/16:56:43 - [test_get_brand.py -->line:30] - INFO: =======【品牌管理】投放账号列表测试结束=======
2022/08/10/16:56:43 - [test_company_protect.py -->line:19] - INFO: =======【我的客户】客户保护测试开始=======
2022/08/10/16:56:43 - [test_company_protect.py -->line:44] - INFO: [测试通过]申请客户保护
2022/08/10/16:56:43 - [test_company_protect.py -->line:26] - INFO: =======【我的客户】客户保护测试结束=======
2022/08/10/16:56:44 - [test_add_public.py -->line:19] - INFO: =======【我的客户】抛入公海测试开始=======
2022/08/10/16:56:44 - [test_add_public.py -->line:38] - INFO: [测试通过]将客户抛入公海
2022/08/10/16:56:44 - [test_add_public.py -->line:26] - INFO: =======【我的客户】抛入公海测试结束=======
2022/08/10/16:56:44 - [test_customer_list.py -->line:18] - INFO: =======【我的客户】查询客户测试开始=======
2022/08/10/16:56:44 - [test_customer_list.py -->line:41] - INFO: [测试通过]查询个人公司
2022/08/10/16:56:44 - [test_customer_list.py -->line:25] - INFO: =======【我的客户】查询客户测试结束=======
2022/08/10/16:56:45 - [test_customer_registration.py -->line:20] - INFO: =======【我的客户】新增客户测试开始=======
2022/08/10/16:56:45 - [test_customer_registration.py -->line:52] - INFO: [测试通过]新增企业客户：公司名、手机号重复，不能新增
2022/08/10/16:56:45 - [test_customer_registration.py -->line:81] - INFO: [测试通过]新增企业客户：公司名重复、手机号不重复，可以新增
2022/08/10/16:56:45 - [test_customer_registration.py -->line:109] - INFO: [测试通过]新增企业客户：公司名不重复、手机号重复，可以新增
2022/08/10/16:56:45 - [test_customer_registration.py -->line:137] - INFO: [测试通过]新增个人客户：手机号重复，不能新增
2022/08/10/16:56:45 - [test_customer_registration.py -->line:166] - INFO: [测试通过]新增个人客户：手机号不重复，可以新增
2022/08/10/16:56:45 - [test_customer_registration.py -->line:194] - INFO: [测试通过]新增个人客户：不填写手机号，不能新增
2022/08/10/16:56:45 - [test_customer_registration.py -->line:27] - INFO: =======【我的客户】新增客户测试结束=======
2022/08/10/16:56:46 - [test_customer_update.py -->line:19] - INFO: =======【我的客户】修改客户测试开始=======
2022/08/10/16:56:46 - [test_customer_update.py -->line:55] - INFO: [测试通过]修改企业客户：公司名、手机号重复，不能修改
2022/08/10/16:56:46 - [test_customer_update.py -->line:89] - INFO: [测试通过]修改企业客户：公司名、手机号重复，不能修改
2022/08/10/16:56:46 - [test_customer_update.py -->line:116] - INFO: [测试通过]将企业客户修改为个人客户，修改失败
2022/08/10/16:56:46 - [test_customer_update.py -->line:26] - INFO: =======【我的客户】修改客户测试结束=======
2022/08/10/16:56:46 - [test_add_invoice.py -->line:20] - INFO: =======【我的客户】客户开票信息测试开始=======
2022/08/10/16:56:47 - [test_add_invoice.py -->line:44] - INFO: [测试通过]新增客户开票信息
2022/08/10/16:56:47 - [test_add_invoice.py -->line:27] - INFO: =======【我的客户】客户开票信息测试结束=======
2022/08/10/16:56:47 - [test_update_invoice.py -->line:21] - INFO: =======【我的客户】修改开票信息测试开始=======
2022/08/10/16:56:47 - [test_update_invoice.py -->line:47] - INFO: [测试通过]修改客户开票信息
2022/08/10/16:56:47 - [test_update_invoice.py -->line:28] - INFO: =======【我的客户】修改开票信息测试开始=======
2022/08/10/16:56:47 - [test_add_opportunity.py -->line:21] - INFO: =======【商机管理】新增商机测试开始=======
2022/08/10/16:56:48 - [test_add_opportunity.py -->line:48] - INFO: [测试通过]新增客户商机
2022/08/10/16:56:48 - [test_add_opportunity.py -->line:28] - INFO: =======【商机管理】新增商机测试结束=======
2022/08/10/16:56:48 - [test_cancel_relate.py -->line:22] - INFO: =======【商机管理】取消关联商机测试开始=======
2022/08/10/16:56:48 - [test_cancel_relate.py -->line:40] - INFO: [测试通过]取消关联商机
2022/08/10/16:56:48 - [test_cancel_relate.py -->line:29] - INFO: =======【商机管理】取消关联商机测试结束=======
2022/08/10/16:56:48 - [test_create_relate.py -->line:22] - INFO: =======【商机管理】添加关联商机测试开始=======
2022/08/10/16:56:48 - [test_create_relate.py -->line:40] - INFO: [测试通过]添加关联商机
2022/08/10/16:56:48 - [test_create_relate.py -->line:29] - INFO: =======【商机管理】添加关联商机测试结束=======
2022/08/10/16:56:49 - [test_delete_opportunity.py -->line:22] - INFO: =======【商机管理】删除客户商机测试开始=======
2022/08/10/16:56:49 - [test_delete_opportunity.py -->line:41] - INFO: [测试通过]删除客户商机
2022/08/10/16:56:49 - [test_delete_opportunity.py -->line:29] - INFO: =======【商机管理】删除客户商机测试结束=======
2022/08/10/16:56:49 - [test_opportunity_list.py -->line:21] - INFO: =======【商机管理】商机列表测试开始=======
2022/08/10/16:56:49 - [test_opportunity_list.py -->line:50] - INFO: [测试通过]组合查询商机列表
2022/08/10/16:56:49 - [test_opportunity_list.py -->line:28] - INFO: =======【商机管理】商机列表测试结束=======
2022/08/10/16:56:50 - [test_update_opportunity.py -->line:24] - INFO: =======【商机管理】修改客户商机测试开始=======
2022/08/10/16:56:50 - [test_update_opportunity.py -->line:65] - INFO: [测试通过]修改客户商机
2022/08/10/16:56:50 - [test_update_opportunity.py -->line:31] - INFO: =======【商机管理】修改客户商机测试结束=======
2022/08/10/16:56:50 - [test_login.py -->line:17] - INFO: =======【用户登录】测试开始=======
2022/08/10/16:56:51 - [test_login.py -->line:37] - INFO: [测试通过]账号、密码正确，登录成功
2022/08/10/16:56:51 - [test_login.py -->line:53] - INFO: [测试通过]账号正确、密码错误，登录失败
2022/08/10/16:56:51 - [test_login.py -->line:68] - INFO: [测试通过]账号错误、密码正确，登录失败
2022/08/10/16:56:51 - [test_login.py -->line:24] - INFO: =======【用户登录】测试结束=======
2022/08/10/16:56:51 - [main.py -->line:11] - INFO: ========结束测试========

2022/08/10/16:57:23 - [main.py -->line:9] - INFO: ========开始测试========

2022/08/10/16:57:24 - [test_brand_excel.py -->line:28] - INFO: =======【品牌管理】数据驱动测试开始=======
2022/08/10/16:57:25 - [test_brand_excel.py -->line:35] - INFO: =======【品牌管理】数据驱动测试结束=======
2022/08/10/16:57:25 - [test_brand_list.py -->line:24] - INFO: =======【品牌管理】品牌列表测试开始=======
2022/08/10/16:57:26 - [test_brand_list.py -->line:47] - INFO: [测试通过]根据品牌名称查询，结果正确
2022/08/10/16:57:26 - [test_brand_list.py -->line:66] - INFO: [测试通过]根据投放平台查询，结果正确
2022/08/10/16:57:26 - [test_brand_list.py -->line:86] - INFO: [测试通过]按投放次数查询，结果正确
2022/08/10/16:57:27 - [test_brand_list.py -->line:104] - INFO: [测试通过]测试品牌管理的分页功能，结果正确
2022/08/10/16:57:27 - [test_brand_list.py -->line:136] - INFO: [测试通过]组合查询品牌，结果正确
2022/08/10/16:57:27 - [test_brand_list.py -->line:31] - INFO: =======【品牌管理】品牌列表测试结束=======
2022/08/10/16:57:27 - [test_get_brand.py -->line:23] - INFO: =======【品牌管理】投放账号列表测试开始=======
2022/08/10/16:57:28 - [test_get_brand.py -->line:45] - INFO: [测试通过]根据投放账号查询品牌，结果正确
2022/08/10/16:57:28 - [test_get_brand.py -->line:63] - INFO: [测试通过]根据品牌名称查询品牌，结果正确
2022/08/10/16:57:28 - [test_get_brand.py -->line:80] - INFO: [测试通过]根据板块查询品牌，结果正确
2022/08/10/16:57:29 - [test_get_brand.py -->line:97] - INFO: [测试通过]测试投放账号窗口的分页功能，结果正确
2022/08/10/16:57:29 - [test_get_brand.py -->line:30] - INFO: =======【品牌管理】投放账号列表测试结束=======
2022/08/10/16:57:29 - [test_company_protect.py -->line:19] - INFO: =======【我的客户】客户保护测试开始=======
2022/08/10/16:57:29 - [test_company_protect.py -->line:44] - INFO: [测试通过]申请客户保护
2022/08/10/16:57:29 - [test_company_protect.py -->line:26] - INFO: =======【我的客户】客户保护测试结束=======
2022/08/10/16:57:30 - [test_add_public.py -->line:19] - INFO: =======【我的客户】抛入公海测试开始=======
2022/08/10/16:57:30 - [test_add_public.py -->line:38] - INFO: [测试通过]将客户抛入公海
2022/08/10/16:57:30 - [test_add_public.py -->line:26] - INFO: =======【我的客户】抛入公海测试结束=======
2022/08/10/16:57:30 - [test_customer_list.py -->line:18] - INFO: =======【我的客户】查询客户测试开始=======
2022/08/10/16:57:30 - [test_customer_list.py -->line:41] - INFO: [测试通过]查询个人公司
2022/08/10/16:57:30 - [test_customer_list.py -->line:25] - INFO: =======【我的客户】查询客户测试结束=======
2022/08/10/16:57:31 - [test_customer_registration.py -->line:20] - INFO: =======【我的客户】新增客户测试开始=======
2022/08/10/16:57:31 - [test_customer_registration.py -->line:52] - INFO: [测试通过]新增企业客户：公司名、手机号重复，不能新增
2022/08/10/16:57:31 - [test_customer_registration.py -->line:81] - INFO: [测试通过]新增企业客户：公司名重复、手机号不重复，可以新增
2022/08/10/16:57:31 - [test_customer_registration.py -->line:109] - INFO: [测试通过]新增企业客户：公司名不重复、手机号重复，可以新增
2022/08/10/16:57:31 - [test_customer_registration.py -->line:137] - INFO: [测试通过]新增个人客户：手机号重复，不能新增
2022/08/10/16:57:31 - [test_customer_registration.py -->line:166] - INFO: [测试通过]新增个人客户：手机号不重复，可以新增
2022/08/10/16:57:31 - [test_customer_registration.py -->line:194] - INFO: [测试通过]新增个人客户：不填写手机号，不能新增
2022/08/10/16:57:31 - [test_customer_registration.py -->line:27] - INFO: =======【我的客户】新增客户测试结束=======
2022/08/10/16:57:32 - [test_customer_update.py -->line:19] - INFO: =======【我的客户】修改客户测试开始=======
2022/08/10/16:57:32 - [test_customer_update.py -->line:55] - INFO: [测试通过]修改企业客户：公司名、手机号重复，不能修改
2022/08/10/16:57:32 - [test_customer_update.py -->line:89] - INFO: [测试通过]修改企业客户：公司名、手机号重复，不能修改
2022/08/10/16:57:32 - [test_customer_update.py -->line:116] - INFO: [测试通过]将企业客户修改为个人客户，修改失败
2022/08/10/16:57:32 - [test_customer_update.py -->line:26] - INFO: =======【我的客户】修改客户测试结束=======
2022/08/10/16:57:32 - [test_add_invoice.py -->line:20] - INFO: =======【我的客户】客户开票信息测试开始=======
2022/08/10/16:57:32 - [test_add_invoice.py -->line:44] - INFO: [测试通过]新增客户开票信息
2022/08/10/16:57:32 - [test_add_invoice.py -->line:27] - INFO: =======【我的客户】客户开票信息测试结束=======
2022/08/10/16:57:33 - [test_update_invoice.py -->line:21] - INFO: =======【我的客户】修改开票信息测试开始=======
2022/08/10/16:57:33 - [test_update_invoice.py -->line:47] - INFO: [测试通过]修改客户开票信息
2022/08/10/16:57:33 - [test_update_invoice.py -->line:28] - INFO: =======【我的客户】修改开票信息测试开始=======
2022/08/10/16:57:33 - [test_add_opportunity.py -->line:21] - INFO: =======【商机管理】新增商机测试开始=======
2022/08/10/16:57:33 - [test_add_opportunity.py -->line:48] - INFO: [测试通过]新增客户商机
2022/08/10/16:57:33 - [test_add_opportunity.py -->line:28] - INFO: =======【商机管理】新增商机测试结束=======
2022/08/10/16:57:34 - [test_cancel_relate.py -->line:22] - INFO: =======【商机管理】取消关联商机测试开始=======
2022/08/10/16:57:34 - [test_cancel_relate.py -->line:40] - INFO: [测试通过]取消关联商机
2022/08/10/16:57:34 - [test_cancel_relate.py -->line:29] - INFO: =======【商机管理】取消关联商机测试结束=======
2022/08/10/16:57:34 - [test_create_relate.py -->line:22] - INFO: =======【商机管理】添加关联商机测试开始=======
2022/08/10/16:57:34 - [test_create_relate.py -->line:40] - INFO: [测试通过]添加关联商机
2022/08/10/16:57:34 - [test_create_relate.py -->line:29] - INFO: =======【商机管理】添加关联商机测试结束=======
2022/08/10/16:57:35 - [test_delete_opportunity.py -->line:22] - INFO: =======【商机管理】删除客户商机测试开始=======
2022/08/10/16:57:35 - [test_delete_opportunity.py -->line:41] - INFO: [测试通过]删除客户商机
2022/08/10/16:57:35 - [test_delete_opportunity.py -->line:29] - INFO: =======【商机管理】删除客户商机测试结束=======
2022/08/10/16:57:35 - [test_opportunity_list.py -->line:21] - INFO: =======【商机管理】商机列表测试开始=======
2022/08/10/16:57:35 - [test_opportunity_list.py -->line:50] - INFO: [测试通过]组合查询商机列表
2022/08/10/16:57:35 - [test_opportunity_list.py -->line:28] - INFO: =======【商机管理】商机列表测试结束=======
2022/08/10/16:57:36 - [test_update_opportunity.py -->line:24] - INFO: =======【商机管理】修改客户商机测试开始=======
2022/08/10/16:57:36 - [test_update_opportunity.py -->line:65] - INFO: [测试通过]修改客户商机
2022/08/10/16:57:36 - [test_update_opportunity.py -->line:31] - INFO: =======【商机管理】修改客户商机测试结束=======
2022/08/10/16:57:36 - [test_get_feeTax.py -->line:22] - INFO: =======【我方公司】我方公司详情测试开始=======
2022/08/10/16:57:36 - [test_get_feeTax.py -->line:40] - INFO: [测试通过]通过id查询抬头详情
2022/08/10/16:57:36 - [test_get_feeTax.py -->line:29] - INFO: =======【我方公司】我方公司详情测试结束=======
2022/08/10/16:57:36 - [test_login.py -->line:17] - INFO: =======【用户登录】测试开始=======
2022/08/10/16:57:37 - [test_login.py -->line:37] - INFO: [测试通过]账号、密码正确，登录成功
2022/08/10/16:57:37 - [test_login.py -->line:53] - INFO: [测试通过]账号正确、密码错误，登录失败
2022/08/10/16:57:37 - [test_login.py -->line:68] - INFO: [测试通过]账号错误、密码正确，登录失败
2022/08/10/16:57:37 - [test_login.py -->line:24] - INFO: =======【用户登录】测试结束=======
2022/08/10/16:57:37 - [main.py -->line:11] - INFO: ========结束测试========

2022/08/10/17:02:28 - [mylog.py -->line:45] - INFO: hahhaha
2022/08/10/17:02:52 - [mylog.py -->line:45] - INFO: hahhaha
2022/08/10/17:06:51 - [mylog.py -->line:47] - INFO: hahhaha
2022/08/10/17:06:56 - [mylog.py -->line:47] - INFO: hahhaha
2022/08/10/17:08:07 - [main.py -->line:9] - INFO: ========开始测试========

2022/08/10/17:08:08 - [test_brand_excel.py -->line:28] - INFO: =======【品牌管理】数据驱动测试开始=======
2022/08/10/17:08:09 - [test_brand_excel.py -->line:35] - INFO: =======【品牌管理】数据驱动测试结束=======
2022/08/10/17:08:09 - [test_brand_list.py -->line:24] - INFO: =======【品牌管理】品牌列表测试开始=======
2022/08/10/17:08:09 - [test_brand_list.py -->line:47] - INFO: [测试通过]根据品牌名称查询，结果正确
2022/08/10/17:08:10 - [test_brand_list.py -->line:66] - INFO: [测试通过]根据投放平台查询，结果正确
2022/08/10/17:08:10 - [test_brand_list.py -->line:86] - INFO: [测试通过]按投放次数查询，结果正确
2022/08/10/17:08:10 - [test_brand_list.py -->line:104] - INFO: [测试通过]测试品牌管理的分页功能，结果正确
2022/08/10/17:08:11 - [test_brand_list.py -->line:136] - INFO: [测试通过]组合查询品牌，结果正确
2022/08/10/17:08:11 - [test_brand_list.py -->line:31] - INFO: =======【品牌管理】品牌列表测试结束=======
2022/08/10/17:08:11 - [test_get_brand.py -->line:23] - INFO: =======【品牌管理】投放账号列表测试开始=======
2022/08/10/17:08:11 - [test_get_brand.py -->line:45] - INFO: [测试通过]根据投放账号查询品牌，结果正确
2022/08/10/17:08:12 - [test_get_brand.py -->line:63] - INFO: [测试通过]根据品牌名称查询品牌，结果正确
2022/08/10/17:08:12 - [test_get_brand.py -->line:80] - INFO: [测试通过]根据板块查询品牌，结果正确
2022/08/10/17:08:12 - [test_get_brand.py -->line:97] - INFO: [测试通过]测试投放账号窗口的分页功能，结果正确
2022/08/10/17:08:12 - [test_get_brand.py -->line:30] - INFO: =======【品牌管理】投放账号列表测试结束=======
2022/08/10/17:08:13 - [test_company_protect.py -->line:19] - INFO: =======【我的客户】客户保护测试开始=======
2022/08/10/17:08:13 - [test_company_protect.py -->line:44] - INFO: [测试通过]申请客户保护
2022/08/10/17:08:13 - [test_company_protect.py -->line:26] - INFO: =======【我的客户】客户保护测试结束=======
2022/08/10/17:08:13 - [test_add_public.py -->line:19] - INFO: =======【我的客户】抛入公海测试开始=======
2022/08/10/17:08:13 - [test_add_public.py -->line:38] - INFO: [测试通过]将客户抛入公海
2022/08/10/17:08:13 - [test_add_public.py -->line:26] - INFO: =======【我的客户】抛入公海测试结束=======
2022/08/10/17:08:14 - [test_customer_list.py -->line:18] - INFO: =======【我的客户】查询客户测试开始=======
2022/08/10/17:08:14 - [test_customer_list.py -->line:41] - INFO: [测试通过]查询个人公司
2022/08/10/17:08:14 - [test_customer_list.py -->line:25] - INFO: =======【我的客户】查询客户测试结束=======
2022/08/10/17:08:14 - [test_customer_registration.py -->line:20] - INFO: =======【我的客户】新增客户测试开始=======
2022/08/10/17:08:14 - [test_customer_registration.py -->line:52] - INFO: [测试通过]新增企业客户：公司名、手机号重复，不能新增
2022/08/10/17:08:14 - [test_customer_registration.py -->line:81] - INFO: [测试通过]新增企业客户：公司名重复、手机号不重复，可以新增
2022/08/10/17:08:14 - [test_customer_registration.py -->line:109] - INFO: [测试通过]新增企业客户：公司名不重复、手机号重复，可以新增
2022/08/10/17:08:14 - [test_customer_registration.py -->line:137] - INFO: [测试通过]新增个人客户：手机号重复，不能新增
2022/08/10/17:08:15 - [test_customer_registration.py -->line:166] - INFO: [测试通过]新增个人客户：手机号不重复，可以新增
2022/08/10/17:08:15 - [test_customer_registration.py -->line:194] - INFO: [测试通过]新增个人客户：不填写手机号，不能新增
2022/08/10/17:08:15 - [test_customer_registration.py -->line:27] - INFO: =======【我的客户】新增客户测试结束=======
2022/08/10/17:08:15 - [test_customer_update.py -->line:19] - INFO: =======【我的客户】修改客户测试开始=======
2022/08/10/17:08:15 - [test_customer_update.py -->line:55] - INFO: [测试通过]修改企业客户：公司名、手机号重复，不能修改
2022/08/10/17:08:15 - [test_customer_update.py -->line:89] - INFO: [测试通过]修改企业客户：公司名、手机号重复，不能修改
2022/08/10/17:08:15 - [test_customer_update.py -->line:116] - INFO: [测试通过]将企业客户修改为个人客户，修改失败
2022/08/10/17:08:15 - [test_customer_update.py -->line:26] - INFO: =======【我的客户】修改客户测试结束=======
2022/08/10/17:08:16 - [test_add_invoice.py -->line:20] - INFO: =======【我的客户】客户开票信息测试开始=======
2022/08/10/17:08:16 - [test_add_invoice.py -->line:44] - INFO: [测试通过]新增客户开票信息
2022/08/10/17:08:16 - [test_add_invoice.py -->line:27] - INFO: =======【我的客户】客户开票信息测试结束=======
2022/08/10/17:08:16 - [test_update_invoice.py -->line:21] - INFO: =======【我的客户】修改开票信息测试开始=======
2022/08/10/17:08:16 - [test_update_invoice.py -->line:47] - INFO: [测试通过]修改客户开票信息
2022/08/10/17:08:16 - [test_update_invoice.py -->line:28] - INFO: =======【我的客户】修改开票信息测试开始=======
2022/08/10/17:08:17 - [test_add_opportunity.py -->line:21] - INFO: =======【商机管理】新增商机测试开始=======
2022/08/10/17:08:17 - [test_add_opportunity.py -->line:48] - INFO: [测试通过]新增客户商机
2022/08/10/17:08:17 - [test_add_opportunity.py -->line:28] - INFO: =======【商机管理】新增商机测试结束=======
2022/08/10/17:08:17 - [test_cancel_relate.py -->line:22] - INFO: =======【商机管理】取消关联商机测试开始=======
2022/08/10/17:08:17 - [test_cancel_relate.py -->line:40] - INFO: [测试通过]取消关联商机
2022/08/10/17:08:17 - [test_cancel_relate.py -->line:29] - INFO: =======【商机管理】取消关联商机测试结束=======
2022/08/10/17:08:18 - [test_create_relate.py -->line:22] - INFO: =======【商机管理】添加关联商机测试开始=======
2022/08/10/17:08:18 - [test_create_relate.py -->line:40] - INFO: [测试通过]添加关联商机
2022/08/10/17:08:18 - [test_create_relate.py -->line:29] - INFO: =======【商机管理】添加关联商机测试结束=======
2022/08/10/17:08:18 - [test_delete_opportunity.py -->line:22] - INFO: =======【商机管理】删除客户商机测试开始=======
2022/08/10/17:08:18 - [test_delete_opportunity.py -->line:41] - INFO: [测试通过]删除客户商机
2022/08/10/17:08:18 - [test_delete_opportunity.py -->line:29] - INFO: =======【商机管理】删除客户商机测试结束=======
2022/08/10/17:08:19 - [test_opportunity_list.py -->line:21] - INFO: =======【商机管理】商机列表测试开始=======
2022/08/10/17:08:19 - [test_opportunity_list.py -->line:50] - INFO: [测试通过]组合查询商机列表
2022/08/10/17:08:19 - [test_opportunity_list.py -->line:28] - INFO: =======【商机管理】商机列表测试结束=======
2022/08/10/17:08:19 - [test_update_opportunity.py -->line:24] - INFO: =======【商机管理】修改客户商机测试开始=======
2022/08/10/17:08:19 - [test_update_opportunity.py -->line:65] - INFO: [测试通过]修改客户商机
2022/08/10/17:08:19 - [test_update_opportunity.py -->line:31] - INFO: =======【商机管理】修改客户商机测试结束=======
2022/08/10/17:08:20 - [test_get_feeTax.py -->line:42] - INFO: [测试通过]通过id查询抬头详情
2022/08/10/17:08:20 - [test_login.py -->line:17] - INFO: =======【用户登录】测试开始=======
2022/08/10/17:08:20 - [test_login.py -->line:37] - INFO: [测试通过]账号、密码正确，登录成功
2022/08/10/17:08:20 - [test_login.py -->line:53] - INFO: [测试通过]账号正确、密码错误，登录失败
2022/08/10/17:08:20 - [test_login.py -->line:68] - INFO: [测试通过]账号错误、密码正确，登录失败
2022/08/10/17:08:20 - [test_login.py -->line:24] - INFO: =======【用户登录】测试结束=======
2022/08/10/17:08:20 - [main.py -->line:11] - INFO: ========结束测试========

2022/11/08/17:42:27 - [main.py -->line:9] - INFO: ========开始测试========

2022/11/08/17:42:28 - [test_brand_excel.py -->line:28] - INFO: =======【品牌管理】数据驱动测试开始=======
2022/11/08/17:42:29 - [test_brand_excel.py -->line:35] - INFO: =======【品牌管理】数据驱动测试结束=======
2022/11/08/17:42:30 - [test_brand_list.py -->line:24] - INFO: =======【品牌管理】品牌列表测试开始=======
2022/11/08/17:42:30 - [test_brand_list.py -->line:47] - INFO: [测试通过]根据品牌名称查询，结果正确
2022/11/08/17:42:30 - [test_brand_list.py -->line:66] - INFO: [测试通过]根据投放平台查询，结果正确
2022/11/08/17:42:30 - [test_brand_list.py -->line:86] - INFO: [测试通过]按投放次数查询，结果正确
2022/11/08/17:42:31 - [test_brand_list.py -->line:104] - INFO: [测试通过]测试品牌管理的分页功能，结果正确
2022/11/08/17:42:31 - [test_brand_list.py -->line:136] - INFO: [测试通过]组合查询品牌，结果正确
2022/11/08/17:42:31 - [test_brand_list.py -->line:31] - INFO: =======【品牌管理】品牌列表测试结束=======
2022/11/08/17:42:31 - [test_get_brand.py -->line:23] - INFO: =======【品牌管理】投放账号列表测试开始=======
2022/11/08/17:42:32 - [test_get_brand.py -->line:45] - INFO: [测试通过]根据投放账号查询品牌，结果正确
2022/11/08/17:42:32 - [test_get_brand.py -->line:63] - INFO: [测试通过]根据品牌名称查询品牌，结果正确
2022/11/08/17:42:32 - [test_get_brand.py -->line:80] - INFO: [测试通过]根据板块查询品牌，结果正确
2022/11/08/17:42:33 - [test_get_brand.py -->line:97] - INFO: [测试通过]测试投放账号窗口的分页功能，结果正确
2022/11/08/17:42:33 - [test_get_brand.py -->line:30] - INFO: =======【品牌管理】投放账号列表测试结束=======
2022/11/08/17:42:33 - [test_company_protect.py -->line:19] - INFO: =======【我的客户】客户保护测试开始=======
2022/11/08/17:42:34 - [test_company_protect.py -->line:44] - INFO: [测试通过]申请客户保护
2022/11/08/17:42:34 - [test_company_protect.py -->line:26] - INFO: =======【我的客户】客户保护测试结束=======
2022/11/08/17:42:34 - [test_add_public.py -->line:19] - INFO: =======【我的客户】抛入公海测试开始=======
2022/11/08/17:42:34 - [test_add_public.py -->line:38] - INFO: [测试通过]将客户抛入公海
2022/11/08/17:42:34 - [test_add_public.py -->line:26] - INFO: =======【我的客户】抛入公海测试结束=======
2022/11/08/17:42:35 - [test_customer_list.py -->line:18] - INFO: =======【我的客户】查询客户测试开始=======
2022/11/08/17:42:35 - [test_customer_list.py -->line:41] - INFO: [测试通过]查询个人公司
2022/11/08/17:42:35 - [test_customer_list.py -->line:25] - INFO: =======【我的客户】查询客户测试结束=======
2022/11/08/17:42:35 - [test_customer_registration.py -->line:20] - INFO: =======【我的客户】新增客户测试开始=======
2022/11/08/17:42:35 - [test_customer_registration.py -->line:52] - INFO: [测试通过]新增企业客户：公司名、手机号重复，不能新增
2022/11/08/17:42:36 - [test_customer_registration.py -->line:81] - INFO: [测试通过]新增企业客户：公司名重复、手机号不重复，可以新增
2022/11/08/17:42:36 - [test_customer_registration.py -->line:109] - INFO: [测试通过]新增企业客户：公司名不重复、手机号重复，可以新增
2022/11/08/17:42:36 - [test_customer_registration.py -->line:137] - INFO: [测试通过]新增个人客户：手机号重复，不能新增
2022/11/08/17:42:36 - [test_customer_registration.py -->line:166] - INFO: [测试通过]新增个人客户：手机号不重复，可以新增
2022/11/08/17:42:36 - [test_customer_registration.py -->line:194] - INFO: [测试通过]新增个人客户：不填写手机号，不能新增
2022/11/08/17:42:36 - [test_customer_registration.py -->line:27] - INFO: =======【我的客户】新增客户测试结束=======
2022/11/08/17:42:36 - [test_customer_update.py -->line:19] - INFO: =======【我的客户】修改客户测试开始=======
2022/11/08/17:42:36 - [test_customer_update.py -->line:55] - INFO: [测试通过]修改企业客户：公司名、手机号重复，不能修改
2022/11/08/17:42:37 - [test_customer_update.py -->line:89] - INFO: [测试通过]修改企业客户：公司名、手机号重复，不能修改
2022/11/08/17:42:37 - [test_customer_update.py -->line:116] - INFO: [测试通过]将企业客户修改为个人客户，修改失败
2022/11/08/17:42:37 - [test_customer_update.py -->line:26] - INFO: =======【我的客户】修改客户测试结束=======
2022/11/08/17:42:37 - [test_add_invoice.py -->line:20] - INFO: =======【我的客户】客户开票信息测试开始=======
2022/11/08/17:42:37 - [test_add_invoice.py -->line:44] - INFO: [测试通过]新增客户开票信息
2022/11/08/17:42:37 - [test_add_invoice.py -->line:27] - INFO: =======【我的客户】客户开票信息测试结束=======
2022/11/08/17:42:38 - [test_update_invoice.py -->line:21] - INFO: =======【我的客户】修改开票信息测试开始=======
2022/11/08/17:42:38 - [test_update_invoice.py -->line:47] - INFO: [测试通过]修改客户开票信息
2022/11/08/17:42:38 - [test_update_invoice.py -->line:28] - INFO: =======【我的客户】修改开票信息测试开始=======
2022/11/08/17:42:38 - [test_add_opportunity.py -->line:21] - INFO: =======【商机管理】新增商机测试开始=======
2022/11/08/17:42:38 - [test_add_opportunity.py -->line:48] - INFO: [测试通过]新增客户商机
2022/11/08/17:42:38 - [test_add_opportunity.py -->line:28] - INFO: =======【商机管理】新增商机测试结束=======
2022/11/08/17:42:39 - [test_cancel_relate.py -->line:22] - INFO: =======【商机管理】取消关联商机测试开始=======
2022/11/08/17:42:39 - [test_cancel_relate.py -->line:40] - INFO: [测试通过]取消关联商机
2022/11/08/17:42:39 - [test_cancel_relate.py -->line:29] - INFO: =======【商机管理】取消关联商机测试结束=======
2022/11/08/17:42:39 - [test_create_relate.py -->line:22] - INFO: =======【商机管理】添加关联商机测试开始=======
2022/11/08/17:42:39 - [test_create_relate.py -->line:40] - INFO: [测试通过]添加关联商机
2022/11/08/17:42:39 - [test_create_relate.py -->line:29] - INFO: =======【商机管理】添加关联商机测试结束=======
2022/11/08/17:42:39 - [test_delete_opportunity.py -->line:22] - INFO: =======【商机管理】删除客户商机测试开始=======
2022/11/08/17:42:40 - [test_delete_opportunity.py -->line:41] - INFO: [测试通过]删除客户商机
2022/11/08/17:42:40 - [test_delete_opportunity.py -->line:29] - INFO: =======【商机管理】删除客户商机测试结束=======
2022/11/08/17:42:40 - [test_opportunity_list.py -->line:21] - INFO: =======【商机管理】商机列表测试开始=======
2022/11/08/17:42:40 - [test_opportunity_list.py -->line:50] - INFO: [测试通过]组合查询商机列表
2022/11/08/17:42:40 - [test_opportunity_list.py -->line:28] - INFO: =======【商机管理】商机列表测试结束=======
2022/11/08/17:42:40 - [test_update_opportunity.py -->line:24] - INFO: =======【商机管理】修改客户商机测试开始=======
2022/11/08/17:42:41 - [test_update_opportunity.py -->line:65] - INFO: [测试通过]修改客户商机
2022/11/08/17:42:41 - [test_update_opportunity.py -->line:31] - INFO: =======【商机管理】修改客户商机测试结束=======
2022/11/08/17:42:41 - [test_addContract.py -->line:19] - INFO: =======【我的合同】新增合同测试开始=======
2022/11/08/17:42:41 - [test_addContract.py -->line:63] - INFO: [测试通过]新增合同
2022/11/08/17:42:41 - [test_addContract.py -->line:26] - INFO: =======【我的合同】新增合同测试结束=======
2022/11/08/17:42:41 - [test_contract_flow.py -->line:14] - INFO: =======【我的合同】审批合同测试开始=======
2022/11/08/17:42:41 - [test_contract_flow.py -->line:61] - INFO: 审核人:胡安[流程号:1037]
2022/11/08/17:42:42 - [test_contract_flow.py -->line:83] - INFO: [测试通过]审批通过合同
2022/11/08/17:42:45 - [test_contract_flow.py -->line:61] - INFO: 审核人:朱月云[流程号:1037]
2022/11/08/17:42:46 - [test_contract_flow.py -->line:83] - INFO: [测试通过]审批通过合同
2022/11/08/17:42:49 - [test_contract_flow.py -->line:61] - INFO: 审核人:付敏芝[流程号:1037]
2022/11/08/17:42:49 - [test_contract_flow.py -->line:83] - INFO: [测试通过]审批通过合同
2022/11/08/17:42:52 - [test_contract_flow.py -->line:41] - INFO: 合同审批通过结束
2022/11/08/17:42:53 - [test_contract_flow.py -->line:61] - INFO: 审核人:胡安[流程号:1039]
2022/11/08/17:42:53 - [test_contract_flow.py -->line:104] - INFO: [测试通过]审批驳回合同
2022/11/08/17:42:53 - [test_contract_flow.py -->line:18] - INFO: =======【我的合同】审批合同测试结束=======
2022/11/08/17:42:53 - [test_get_feeTax.py -->line:22] - INFO: =======【我方公司】我方公司详情测试开始=======
2022/11/08/17:42:53 - [test_get_feeTax.py -->line:41] - INFO: [测试通过]通过id查询抬头详情
2022/11/08/17:42:53 - [test_get_feeTax.py -->line:29] - INFO: =======【我方公司】我方公司详情测试结束=======
2022/11/08/17:42:53 - [test_login.py -->line:17] - INFO: =======【用户登录】测试开始=======
2022/11/08/17:42:54 - [test_login.py -->line:37] - INFO: [测试通过]账号、密码正确，登录成功
2022/11/08/17:42:54 - [test_login.py -->line:53] - INFO: [测试通过]账号正确、密码错误，登录失败
2022/11/08/17:42:54 - [test_login.py -->line:68] - INFO: [测试通过]账号错误、密码正确，登录失败
2022/11/08/17:42:54 - [test_login.py -->line:24] - INFO: =======【用户登录】测试结束=======
2022/11/08/17:42:54 - [main.py -->line:11] - INFO: ========结束测试========

2022/11/08/17:48:55 - [main.py -->line:9] - INFO: ========开始测试========

2022/11/08/17:48:57 - [test_brand_excel.py -->line:28] - INFO: =======【品牌管理】数据驱动测试开始=======
2022/11/08/17:48:58 - [test_brand_excel.py -->line:35] - INFO: =======【品牌管理】数据驱动测试结束=======
2022/11/08/17:48:58 - [test_brand_list.py -->line:24] - INFO: =======【品牌管理】品牌列表测试开始=======
2022/11/08/17:48:58 - [test_brand_list.py -->line:47] - INFO: [测试通过]根据品牌名称查询，结果正确
2022/11/08/17:48:59 - [test_brand_list.py -->line:66] - INFO: [测试通过]根据投放平台查询，结果正确
2022/11/08/17:48:59 - [test_brand_list.py -->line:86] - INFO: [测试通过]按投放次数查询，结果正确
2022/11/08/17:48:59 - [test_brand_list.py -->line:104] - INFO: [测试通过]测试品牌管理的分页功能，结果正确
2022/11/08/17:49:00 - [test_brand_list.py -->line:136] - INFO: [测试通过]组合查询品牌，结果正确
2022/11/08/17:49:00 - [test_brand_list.py -->line:31] - INFO: =======【品牌管理】品牌列表测试结束=======
2022/11/08/17:49:00 - [test_get_brand.py -->line:23] - INFO: =======【品牌管理】投放账号列表测试开始=======
2022/11/08/17:49:00 - [test_get_brand.py -->line:45] - INFO: [测试通过]根据投放账号查询品牌，结果正确
2022/11/08/17:49:00 - [test_get_brand.py -->line:63] - INFO: [测试通过]根据品牌名称查询品牌，结果正确
2022/11/08/17:49:01 - [test_get_brand.py -->line:80] - INFO: [测试通过]根据板块查询品牌，结果正确
2022/11/08/17:49:01 - [test_get_brand.py -->line:97] - INFO: [测试通过]测试投放账号窗口的分页功能，结果正确
2022/11/08/17:49:01 - [test_get_brand.py -->line:30] - INFO: =======【品牌管理】投放账号列表测试结束=======
2022/11/08/17:49:01 - [test_company_protect.py -->line:19] - INFO: =======【我的客户】客户保护测试开始=======
2022/11/08/17:49:02 - [test_company_protect.py -->line:44] - INFO: [测试通过]申请客户保护
2022/11/08/17:49:02 - [test_company_protect.py -->line:26] - INFO: =======【我的客户】客户保护测试结束=======
2022/11/08/17:49:02 - [test_add_public.py -->line:19] - INFO: =======【我的客户】抛入公海测试开始=======
2022/11/08/17:49:02 - [test_add_public.py -->line:38] - INFO: [测试通过]将客户抛入公海
2022/11/08/17:49:02 - [test_add_public.py -->line:26] - INFO: =======【我的客户】抛入公海测试结束=======
2022/11/08/17:49:03 - [test_customer_list.py -->line:18] - INFO: =======【我的客户】查询客户测试开始=======
2022/11/08/17:49:03 - [test_customer_list.py -->line:41] - INFO: [测试通过]查询个人公司
2022/11/08/17:49:03 - [test_customer_list.py -->line:25] - INFO: =======【我的客户】查询客户测试结束=======
2022/11/08/17:49:03 - [test_customer_registration.py -->line:20] - INFO: =======【我的客户】新增客户测试开始=======
2022/11/08/17:49:03 - [test_customer_registration.py -->line:52] - INFO: [测试通过]新增企业客户：公司名、手机号重复，不能新增
2022/11/08/17:49:03 - [test_customer_registration.py -->line:81] - INFO: [测试通过]新增企业客户：公司名重复、手机号不重复，可以新增
2022/11/08/17:49:03 - [test_customer_registration.py -->line:109] - INFO: [测试通过]新增企业客户：公司名不重复、手机号重复，可以新增
2022/11/08/17:49:03 - [test_customer_registration.py -->line:137] - INFO: [测试通过]新增个人客户：手机号重复，不能新增
2022/11/08/17:49:03 - [test_customer_registration.py -->line:166] - INFO: [测试通过]新增个人客户：手机号不重复，可以新增
2022/11/08/17:49:03 - [test_customer_registration.py -->line:194] - INFO: [测试通过]新增个人客户：不填写手机号，不能新增
2022/11/08/17:49:03 - [test_customer_registration.py -->line:27] - INFO: =======【我的客户】新增客户测试结束=======
2022/11/08/17:49:04 - [test_customer_update.py -->line:19] - INFO: =======【我的客户】修改客户测试开始=======
2022/11/08/17:49:04 - [test_customer_update.py -->line:55] - INFO: [测试通过]修改企业客户：公司名、手机号重复，不能修改
2022/11/08/17:49:04 - [test_customer_update.py -->line:89] - INFO: [测试通过]修改企业客户：公司名、手机号重复，不能修改
2022/11/08/17:49:04 - [test_customer_update.py -->line:116] - INFO: [测试通过]将企业客户修改为个人客户，修改失败
2022/11/08/17:49:04 - [test_customer_update.py -->line:26] - INFO: =======【我的客户】修改客户测试结束=======
2022/11/08/17:49:05 - [test_add_invoice.py -->line:20] - INFO: =======【我的客户】客户开票信息测试开始=======
2022/11/08/17:49:05 - [test_add_invoice.py -->line:44] - INFO: [测试通过]新增客户开票信息
2022/11/08/17:49:05 - [test_add_invoice.py -->line:27] - INFO: =======【我的客户】客户开票信息测试结束=======
2022/11/08/17:49:05 - [test_update_invoice.py -->line:21] - INFO: =======【我的客户】修改开票信息测试开始=======
2022/11/08/17:49:05 - [test_update_invoice.py -->line:47] - INFO: [测试通过]修改客户开票信息
2022/11/08/17:49:05 - [test_update_invoice.py -->line:28] - INFO: =======【我的客户】修改开票信息测试开始=======
2022/11/08/17:49:06 - [test_add_opportunity.py -->line:21] - INFO: =======【商机管理】新增商机测试开始=======
2022/11/08/17:49:06 - [test_add_opportunity.py -->line:48] - INFO: [测试通过]新增客户商机
2022/11/08/17:49:06 - [test_add_opportunity.py -->line:28] - INFO: =======【商机管理】新增商机测试结束=======
2022/11/08/17:49:06 - [test_cancel_relate.py -->line:22] - INFO: =======【商机管理】取消关联商机测试开始=======
2022/11/08/17:49:06 - [test_cancel_relate.py -->line:40] - INFO: [测试通过]取消关联商机
2022/11/08/17:49:06 - [test_cancel_relate.py -->line:29] - INFO: =======【商机管理】取消关联商机测试结束=======
2022/11/08/17:49:07 - [test_create_relate.py -->line:22] - INFO: =======【商机管理】添加关联商机测试开始=======
2022/11/08/17:49:07 - [test_create_relate.py -->line:40] - INFO: [测试通过]添加关联商机
2022/11/08/17:49:07 - [test_create_relate.py -->line:29] - INFO: =======【商机管理】添加关联商机测试结束=======
2022/11/08/17:49:07 - [test_delete_opportunity.py -->line:22] - INFO: =======【商机管理】删除客户商机测试开始=======
2022/11/08/17:49:07 - [test_delete_opportunity.py -->line:41] - INFO: [测试通过]删除客户商机
2022/11/08/17:49:07 - [test_delete_opportunity.py -->line:29] - INFO: =======【商机管理】删除客户商机测试结束=======
2022/11/08/17:49:08 - [test_opportunity_list.py -->line:21] - INFO: =======【商机管理】商机列表测试开始=======
2022/11/08/17:49:08 - [test_opportunity_list.py -->line:50] - INFO: [测试通过]组合查询商机列表
2022/11/08/17:49:08 - [test_opportunity_list.py -->line:28] - INFO: =======【商机管理】商机列表测试结束=======
2022/11/08/17:49:08 - [test_update_opportunity.py -->line:24] - INFO: =======【商机管理】修改客户商机测试开始=======
2022/11/08/17:49:08 - [test_update_opportunity.py -->line:65] - INFO: [测试通过]修改客户商机
2022/11/08/17:49:08 - [test_update_opportunity.py -->line:31] - INFO: =======【商机管理】修改客户商机测试结束=======
2022/11/08/17:49:09 - [test_addContract.py -->line:19] - INFO: =======【我的合同】新增合同测试开始=======
2022/11/08/17:49:09 - [test_addContract.py -->line:63] - INFO: [测试通过]新增合同类型：销售合同/合同
2022/11/08/17:49:09 - [test_addContract.py -->line:26] - INFO: =======【我的合同】新增合同测试结束=======
2022/11/08/17:49:09 - [test_contract_flow.py -->line:14] - INFO: =======【我的合同】审批合同测试开始=======
2022/11/08/17:49:09 - [test_contract_flow.py -->line:26] - INFO: 合同审批通过时，编号为:ZC0120221150460102
2022/11/08/17:49:09 - [test_contract_flow.py -->line:61] - INFO: 审核人:胡安[流程号:1037]
2022/11/08/17:49:13 - [test_contract_flow.py -->line:61] - INFO: 审核人:朱月云[流程号:1037]
2022/11/08/17:49:16 - [test_contract_flow.py -->line:61] - INFO: 审核人:付敏芝[流程号:1037]
2022/11/08/17:49:20 - [test_contract_flow.py -->line:41] - INFO: [测试通过]审批通过合同
2022/11/08/17:49:20 - [test_contract_flow.py -->line:48] - INFO: 合同审批驳回时，编号为:HS0120220351120101
2022/11/08/17:49:20 - [test_contract_flow.py -->line:61] - INFO: 审核人:胡安[流程号:1039]
2022/11/08/17:49:21 - [test_contract_flow.py -->line:103] - INFO: [测试通过]审批驳回合同
2022/11/08/17:49:21 - [test_contract_flow.py -->line:18] - INFO: =======【我的合同】审批合同测试结束=======
2022/11/08/17:49:21 - [test_get_feeTax.py -->line:22] - INFO: =======【我方公司】我方公司详情测试开始=======
2022/11/08/17:49:21 - [test_get_feeTax.py -->line:41] - INFO: [测试通过]通过id查询抬头详情
2022/11/08/17:49:21 - [test_get_feeTax.py -->line:29] - INFO: =======【我方公司】我方公司详情测试结束=======
2022/11/08/17:49:21 - [test_login.py -->line:17] - INFO: =======【用户登录】测试开始=======
2022/11/08/17:49:21 - [test_login.py -->line:37] - INFO: [测试通过]账号、密码正确，登录成功
2022/11/08/17:49:22 - [test_login.py -->line:53] - INFO: [测试通过]账号正确、密码错误，登录失败
2022/11/08/17:49:22 - [test_login.py -->line:68] - INFO: [测试通过]账号错误、密码正确，登录失败
2022/11/08/17:49:22 - [test_login.py -->line:24] - INFO: =======【用户登录】测试结束=======
2022/11/08/17:49:22 - [main.py -->line:11] - INFO: ========结束测试========

